<?xml version="1.0" encoding="UTF-8"?>
<testng-results ignored="0" total="1" passed="1" failed="0" skipped="0">
  <reporter-output>
  </reporter-output>
  <suite started-at="2023-06-13T16:10:35 IST" name="Default suite" finished-at="2023-06-13T16:10:42 IST" duration-ms="7205">
    <groups>
    </groups>
    <test started-at="2023-06-13T16:10:35 IST" name="Default test" finished-at="2023-06-13T16:10:42 IST" duration-ms="7205">
      <class name="testsclass.LoginTest">
        <test-method is-config="true" signature="initBrowser()[pri:0, instance:testsclass.LoginTest@35b74c5c]" started-at="2023-06-13T16:10:32 IST" name="initBrowser" finished-at="2023-06-13T16:10:35 IST" duration-ms="3200" status="PASS">
          <reporter-output>
          </reporter-output>
        </test-method> <!-- initBrowser -->
        <test-method is-config="true" signature="createobject()[pri:0, instance:testsclass.LoginTest@35b74c5c]" started-at="2023-06-13T16:10:35 IST" name="createobject" finished-at="2023-06-13T16:10:35 IST" duration-ms="82" status="PASS">
          <reporter-output>
          </reporter-output>
        </test-method> <!-- createobject -->
        <test-method signature="verifylogin()[pri:1, instance:testsclass.LoginTest@35b74c5c]" started-at="2023-06-13T16:10:35 IST" name="verifylogin" finished-at="2023-06-13T16:10:42 IST" duration-ms="7049" status="PASS">
          <reporter-output>
          </reporter-output>
        </test-method> <!-- verifylogin -->
        <test-method is-config="true" signature="teardown()[pri:0, instance:testsclass.LoginTest@35b74c5c]" started-at="2023-06-13T16:10:42 IST" name="teardown" finished-at="2023-06-13T16:10:42 IST" duration-ms="1" status="PASS">
          <reporter-output>
          </reporter-output>
        </test-method> <!-- teardown -->
      </class> <!-- testsclass.LoginTest -->
    </test> <!-- Default test -->
  </suite> <!-- Default suite -->
</testng-results>
